
 Ansys Mechanical Enterprise Academic Student      


 *------------------------------------------------------------------*
 |                                                                  |
 |   W E L C O M E   T O   T H E   A N S Y S (R)  P R O G R A M     |
 |                                                                  |
 *------------------------------------------------------------------*




 ***************************************************************
 *         ANSYS MAPDL 2023 R2          LEGAL NOTICES          *
 ***************************************************************
 *                                                             *
 * Copyright 1971-2023 Ansys, Inc.  All rights reserved.       *
 * Unauthorized use, distribution or duplication is            *
 * prohibited.                                                 *
 *                                                             *
 * Ansys is a registered trademark of Ansys, Inc. or its       *
 * subsidiaries in the United States or other countries.       *
 * See the Ansys, Inc. online documentation or the Ansys, Inc. *
 * documentation CD or online help for the complete Legal      *
 * Notice.                                                     *
 *                                                             *
 ***************************************************************
 *                                                             *
 * THIS ANSYS SOFTWARE PRODUCT AND PROGRAM DOCUMENTATION       *
 * INCLUDE TRADE SECRETS AND CONFIDENTIAL AND PROPRIETARY      *
 * PRODUCTS OF ANSYS, INC., ITS SUBSIDIARIES, OR LICENSORS.    *
 * The software products and documentation are furnished by    *
 * Ansys, Inc. or its subsidiaries under a software license    *
 * agreement that contains provisions concerning               *
 * non-disclosure, copying, length and nature of use,          *
 * compliance with exporting laws, warranties, disclaimers,    *
 * limitations of liability, and remedies, and other           *
 * provisions.  The software products and documentation may be *
 * used, disclosed, transferred, or copied only in accordance  *
 * with the terms and conditions of that software license      *
 * agreement.                                                  *
 *                                                             *
 * Ansys, Inc. is a UL registered                              *
 * ISO 9001:2015 company.                                      *
 *                                                             *
 ***************************************************************
 *                                                             *
 * This product is subject to U.S. laws governing export and   *
 * re-export.                                                  *
 *                                                             *
 * For U.S. Government users, except as specifically granted   *
 * by the Ansys, Inc. software license agreement, the use,     *
 * duplication, or disclosure by the United States Government  *
 * is subject to restrictions stated in the Ansys, Inc.        *
 * software license agreement and FAR 12.212 (for non-DOD      *
 * licenses).                                                  *
 *                                                             *
 ***************************************************************

 2023 R2 
     
 Point Releases and Patches installed:   
     
 Discovery 2023 R2   
 Autodyn 2023 R2 
 SpaceClaim 2023 R2  
 CFX (includes CFD-Post) 2023 R2 
 Chemkin 2023 R2 
 EnSight 2023 R2 
 FENSAP-ICE 2023 R2  
 Fluent (includes CFD-Post) 2023 R2  
 Polyflow (includes CFD-Post) 2023 R2
 Forte (includes EnSight) 2023 R2
 TurboGrid 2023 R2   
 Motion 2023 R2  
 Aqwa 2023 R2
 Speos 2023 R2   
 Mechanical Products 2023 R2 
 Material Calibration App 2023 R2
 ACIS Geometry Interface 2023 R2 
 AutoCAD Geometry Interface 2023 R2  
 Catia, Version 4 Geometry Interface 2023 R2 
 Catia, Version 5 Geometry Interface 2023 R2 
 Catia, Version 6 Geometry Interface 2023 R2 
 Creo Elements/Direct Modeling Geometry Interface 2023 R2
 Creo Parametric Geometry Interface 2023 R2  
 Inventor Geometry Interface 2023 R2 
 JTOpen Geometry Interface 2023 R2   
 NX Geometry Interface 2023 R2   
 Parasolid Geometry Interface  2023 R2   
 Solid Edge Geometry Interface 2023 R2   
 SOLIDWORKS Geometry Interface 2023 R2   
 Academic Student 2023 R2


          *****  MAPDL COMMAND LINE ARGUMENTS  *****
  BATCH MODE REQUESTED (-b)    = NOLIST
  INPUT FILE COPY MODE (-c)    = COPY
  SHARED MEMORY PARALLEL REQUESTED
    SINGLE PROCESS WITH   4 THREADS REQUESTED
    TOTAL OF     4 CORES REQUESTED
  INPUT FILE NAME              = C:\Users\vu.le\OneDrive - Bluetech Finland Oy\Tiedostot\GitHub\Fatigue\other document\Frame\_ProjectScratch\ScrBE6F\dummy.dat
  OUTPUT FILE NAME             = C:\Users\vu.le\OneDrive - Bluetech Finland Oy\Tiedostot\GitHub\Fatigue\other document\Frame\_ProjectScratch\ScrBE6F\solve.out
  START-UP FILE MODE           = NOREAD
  STOP FILE MODE               = NOREAD

 RELEASE= 2023 R2              BUILD= 23.2      UP20230531   VERSION=WINDOWS x64 
 CURRENT JOBNAME=file  11:45:43  JUL 31, 2023 CP=      0.031


 PARAMETER _DS_PROGRESS =     999.0000000    

 /INPUT FILE= ds.dat  LINE=       0



 DO NOT WRITE ELEMENT RESULTS INTO DATABASE

 *GET  _WALLSTRT  FROM  ACTI  ITEM=TIME WALL  VALUE=  11.7619444    

 TITLE= 
 FrameAnalysis--Static Structural (A5)                                         

  ACT Extensions:
      LSDYNA, 2023.2
      5f463412-bd3e-484b-87e7-cbc0a665e474, wbex
 /COM,     ANSYSMotion, 2023.2
      20180725-3f81-49eb-9f31-41364844c769, wbex
  

 SET PARAMETER DIMENSIONS ON  _WB_PROJECTSCRATCH_DIR
  TYPE=STRI  DIMENSIONS=      248        1        1

 PARAMETER _WB_PROJECTSCRATCH_DIR(1) = C:\Users\vu.le\OneDrive - Bluetech Finland Oy\Tiedostot\GitHub\Fatigue\other document\Frame\_ProjectScratch\ScrBE6F\

 SET PARAMETER DIMENSIONS ON  _WB_SOLVERFILES_DIR
  TYPE=STRI  DIMENSIONS=      248        1        1

 PARAMETER _WB_SOLVERFILES_DIR(1) = C:\Users\vu.le\OneDrive - Bluetech Finland Oy\Tiedostot\GitHub\Fatigue\other document\Frame\FrameAnalysis_files\dp0\SYS\MECH\

 SET PARAMETER DIMENSIONS ON  _WB_USERFILES_DIR
  TYPE=STRI  DIMENSIONS=      248        1        1

 PARAMETER _WB_USERFILES_DIR(1) = C:\Users\vu.le\OneDrive - Bluetech Finland Oy\Tiedostot\GitHub\Fatigue\other document\Frame\FrameAnalysis_files\user_files\
 --- Data in consistent NMM units. See Solving Units in the help system for more

 MPA UNITS SPECIFIED FOR INTERNAL    
  LENGTH      = MILLIMETERS (mm)
  MASS        = TONNE (Mg)
  TIME        = SECONDS (sec)
  TEMPERATURE = CELSIUS (C)
  TOFFSET     = 273.0
  FORCE       = NEWTON (N)
  HEAT        = MILLIJOULES (mJ)

 INPUT  UNITS ARE ALSO SET TO MPA 

 *** MAPDL - ENGINEERING ANALYSIS SYSTEM  RELEASE 2023 R2          23.2     ***
 Ansys Mechanical Enterprise Academic Student      
 01055371  VERSION=WINDOWS x64   11:45:43  JUL 31, 2023 CP=      0.062

 FrameAnalysis--Static Structural (A5)                                         



          ***** MAPDL ANALYSIS DEFINITION (PREP7) *****
 *********** Nodes for the whole assembly ***********
 *********** Elements for Body 1 "Line Body" ***********
 *********** Send User Defined Coordinate System(s) ***********
 *********** Set Reference Temperature ***********
 *********** Send Materials ***********
 *********** Send Beam Properties ***********
 *********** Fixed Supports ***********
 ******* Constant Zero Displacement X *******
 ******* Constant Zero Displacement Y *******
 *********** Define Vertex Force Using Follower Elements ***********


 ***** ROUTINE COMPLETED *****  CP =         0.125


 --- Number of total nodes = 1201
 --- Number of contact elements = 0
 --- Number of spring elements = 0
 --- Number of bearing elements = 0
 --- Number of solid elements = 600
 --- Number of condensed parts = 0
 --- Number of total elements = 603

 *GET  _WALLBSOL  FROM  ACTI  ITEM=TIME WALL  VALUE=  11.7619444    
 ****************************************************************************
 *************************    SOLUTION       ********************************
 ****************************************************************************

 *****  MAPDL SOLUTION ROUTINE  *****


 PERFORM A STATIC ANALYSIS
  THIS WILL BE A NEW ANALYSIS

 EQUATION PIVOT CHECKING LOGIC WILL BE DISABLED

 PRINT EQUATION PIVOT INFO ONCE PER LOADSTEP 

 PARAMETER _THICKRATIO =     0.000000000    

 USE SPARSE MATRIX DIRECT SOLVER

 CONTACT INFORMATION PRINTOUT LEVEL       1

 NLDIAG: Nonlinear diagnostics CONT option is set to ON. 
         Writing frequency : each ITERATION.

 DO NOT SAVE ANY RESTART FILES AT ALL
 ****************************************************
 ******************* SOLVE FOR LS 1 OF 1 ****************

 SELECT       FOR ITEM=REAL COMPONENT=    
  IN RANGE         2 TO          2 STEP          1

          1  ELEMENTS (OF        603  DEFINED) SELECTED BY  ESEL  COMMAND.

 SPECIFIED SURFACE LOAD PRES FOR ALL SELECTED ELEMENTS  LKEY =  1   KVAL = 1
     VALUES =     0.0000         0.0000         0.0000         0.0000    

 SELECT       FOR ITEM=REAL COMPONENT=    
  IN RANGE         3 TO          3 STEP          1

          1  ELEMENTS (OF        603  DEFINED) SELECTED BY  ESEL  COMMAND.

 SPECIFIED SURFACE LOAD PRES FOR ALL SELECTED ELEMENTS  LKEY =  1   KVAL = 1
     VALUES =     0.0000         0.0000         0.0000         0.0000    

 SELECT       FOR ITEM=REAL COMPONENT=    
  IN RANGE         4 TO          4 STEP          1

          1  ELEMENTS (OF        603  DEFINED) SELECTED BY  ESEL  COMMAND.

 SPECIFIED SURFACE LOAD PRES FOR ALL SELECTED ELEMENTS  LKEY =  1   KVAL = 1
     VALUES =     5000.0         5000.0         5000.0         5000.0    

 ALL SELECT   FOR ITEM=ELEM COMPONENT=    
  IN RANGE         1 TO        603 STEP          1

        603  ELEMENTS (OF        603  DEFINED) SELECTED BY  ESEL  COMMAND.
 *** Set Displacements ***
 CMBLOCK read of NODE component _CM32UZ_ZP  completed

 SELECT      COMPONENT _CM32UZ_ZP                                                                                                                                                                                                                                                      

 SPECIFIED CONSTRAINT UZ   FOR SELECTED NODES            1 TO        1201 BY           1
 REAL=  52500.0000       IMAG=  0.00000000    

 ALL SELECT   FOR ITEM=NODE COMPONENT=    
  IN RANGE         1 TO       1201 STEP          1

       1201  NODES (OF       1201  DEFINED) SELECTED BY NSEL  COMMAND.
 *** Component For All Non-Zero UZ Displacements ***

 SELECT      COMPONENT _CM32UZ_ZP                                                                                                                                                                                                                                                      

 DEFINITION OF COMPONENT = _DISPNONZEROUZ  ENTITY=NODE

 ALL SELECT   FOR ITEM=NODE COMPONENT=    
  IN RANGE         1 TO       1201 STEP          1

       1201  NODES (OF       1201  DEFINED) SELECTED BY NSEL  COMMAND.

 PRINTOUT RESUMED BY /GOP

 USE       1 SUBSTEPS INITIALLY THIS LOAD STEP FOR ALL  DEGREES OF FREEDOM
 FOR AUTOMATIC TIME STEPPING:
   USE      1 SUBSTEPS AS A MAXIMUM
   USE      1 SUBSTEPS AS A MINIMUM

 TIME=  1.0000    

 ERASE THE CURRENT DATABASE OUTPUT CONTROL TABLE.


 WRITE ALL  ITEMS TO THE DATABASE WITH A FREQUENCY OF NONE
   FOR ALL APPLICABLE ENTITIES

 WRITE NSOL ITEMS TO THE DATABASE WITH A FREQUENCY OF ALL 
   FOR ALL APPLICABLE ENTITIES

 WRITE RSOL ITEMS TO THE DATABASE WITH A FREQUENCY OF ALL 
   FOR ALL APPLICABLE ENTITIES

 WRITE EANG ITEMS TO THE DATABASE WITH A FREQUENCY OF ALL 
   FOR ALL APPLICABLE ENTITIES

 WRITE ETMP ITEMS TO THE DATABASE WITH A FREQUENCY OF ALL 
   FOR ALL APPLICABLE ENTITIES

 WRITE VENG ITEMS TO THE DATABASE WITH A FREQUENCY OF ALL 
   FOR ALL APPLICABLE ENTITIES

 WRITE STRS ITEMS TO THE DATABASE WITH A FREQUENCY OF ALL 
   FOR ALL APPLICABLE ENTITIES

 WRITE EPEL ITEMS TO THE DATABASE WITH A FREQUENCY OF ALL 
   FOR ALL APPLICABLE ENTITIES

 WRITE EPPL ITEMS TO THE DATABASE WITH A FREQUENCY OF ALL 
   FOR ALL APPLICABLE ENTITIES

 WRITE CONT ITEMS TO THE DATABASE WITH A FREQUENCY OF ALL 
   FOR ALL APPLICABLE ENTITIES

 PRINTOUT RESUMED BY /GOP

 WRITE MISC ITEMS TO THE DATABASE WITH A FREQUENCY OF ALL 
   FOR THE ENTITIES DEFINED BY COMPONENT _ELMISC 

 *GET  ANSINTER_  FROM  ACTI  ITEM=INT        VALUE=  0.00000000    

 *IF  ANSINTER_                         ( =   0.00000     )  NE  
      0                                 ( =   0.00000     )  THEN    

 *ENDIF

 *****  MAPDL SOLVE    COMMAND  *****

 *** WARNING ***                         CP =       0.125   TIME= 11:45:43
 Element shape checking is currently inactive.  Issue SHPP,ON or         
 SHPP,WARN to reactivate, if desired.                                    

 *** NOTE ***                            CP =       0.125   TIME= 11:45:43
 The model data was checked and warning messages were found.             
  Please review output or errors file ( C:\Users\vu.le\OneDrive -        
 Bluetech Finland Oy\Tiedostot\GitHub\Fatigue\other                      
 document\Frame\_ProjectScratch\ScrBE6F\file.err ) for these warning     
 messages.                                                               

 *** SELECTION OF ELEMENT TECHNOLOGIES FOR APPLICABLE ELEMENTS ***
      --- GIVE SUGGESTIONS AND RESET THE KEY OPTIONS ---

 ELEMENT TYPE         1 IS BEAM188 . KEYOPT(1)=1 IS SUGGESTED FOR NON-CIRCULAR CROSS
 SECTIONS AND KEYOPT(3) IS ALREADY SET AS SUGGESTED. KEYOPT(1) CAN NOT BE RESET
 HERE. PLEASE RESET IT MANUALLY ACCORDING TO CROSS SECTION TYPES IF NECESSARY.

 ELEMENT TYPE         1 IS BEAM188 . KEYOPT(15) IS ALREADY SET AS SUGGESTED AND NO
 RESETTING IS NEEDED.



 *** MAPDL - ENGINEERING ANALYSIS SYSTEM  RELEASE 2023 R2          23.2     ***
 Ansys Mechanical Enterprise Academic Student      
 01055371  VERSION=WINDOWS x64   11:45:43  JUL 31, 2023 CP=      0.125

 FrameAnalysis--Static Structural (A5)                                         



                       S O L U T I O N   O P T I O N S

   PROBLEM DIMENSIONALITY. . . . . . . . . . . . .3-D                  
   DEGREES OF FREEDOM. . . . . . UX   UY   UZ   ROTX ROTY ROTZ
   ANALYSIS TYPE . . . . . . . . . . . . . . . . .STATIC (STEADY-STATE)
   OFFSET TEMPERATURE FROM ABSOLUTE ZERO . . . . .  273.15    
   EQUATION SOLVER OPTION. . . . . . . . . . . . .SPARSE             
   GLOBALLY ASSEMBLED MATRIX . . . . . . . . . . .SYMMETRIC  

 *** WARNING ***                         CP =       0.125   TIME= 11:45:43
 Material number 2 (used by element 601) should normally have at least   
 one MP or one TB type command associated with it.  Output of energy by  
 material may not be available.                                          

 *** NOTE ***                            CP =       0.125   TIME= 11:45:43
 The step data was checked and warning messages were found.              
  Please review output or errors file ( C:\Users\vu.le\OneDrive -        
 Bluetech Finland Oy\Tiedostot\GitHub\Fatigue\other                      
 document\Frame\_ProjectScratch\ScrBE6F\file.err ) for these warning     
 messages.                                                               

 *** NOTE ***                            CP =       0.125   TIME= 11:45:43
 Internal nodes from 1202 to 1801 are created.                           
 600 internal nodes are used for quadratic and/or cubic options of       
 BEAM188, PIPE288, and/or SHELL208.                                      

                      L O A D   S T E P   O P T I O N S

   LOAD STEP NUMBER. . . . . . . . . . . . . . . .     1
   TIME AT END OF THE LOAD STEP. . . . . . . . . .  1.0000    
   NUMBER OF SUBSTEPS. . . . . . . . . . . . . . .     1
   STEP CHANGE BOUNDARY CONDITIONS . . . . . . . .    NO
   PRINT OUTPUT CONTROLS . . . . . . . . . . . . .NO PRINTOUT
   DATABASE OUTPUT CONTROLS
      ITEM     FREQUENCY   COMPONENT
       ALL       NONE               
      NSOL        ALL               
      RSOL        ALL               
      EANG        ALL               
      ETMP        ALL               
      VENG        ALL               
      STRS        ALL               
      EPEL        ALL               
      EPPL        ALL               
      CONT        ALL               
      MISC        ALL       _ELMISC 


 SOLUTION MONITORING INFO IS WRITTEN TO FILE= file.mntr                                                                                                                                                                                                                                                           

 *** NOTE ***                            CP =       0.188   TIME= 11:45:43
 Predictor is ON by default for structural elements with rotational      
 degrees of freedom.  Use the PRED,OFF command to turn the predictor     
 OFF if it adversely affects the convergence.                            



                         ***********  PRECISE MASS SUMMARY  ***********

   TOTAL RIGID BODY MASS MATRIX ABOUT ORIGIN
               Translational mass               |   Coupled translational/rotational mass
        0.56526E-01    0.0000        0.0000     |     0.0000        254.37        84.788    
         0.0000       0.56526E-01    0.0000     |    -254.37        0.0000        0.0000    
         0.0000        0.0000       0.56526E-01 |    -84.788        0.0000        0.0000    
     ------------------------------------------ | ------------------------------------------
                                                |         Rotational mass (inertia)
                                                |    0.16958E+07   0.12851E-15   0.12851E-15
                                                |    0.12851E-15   0.13623E+07   0.50873E+06
                                                |    0.12851E-15   0.50873E+06   0.34480E+06

   TOTAL MASS = 0.56526E-01
     The mass principal axes coincide with the global Cartesian axes

   CENTER OF MASS (X,Y,Z)=    0.0000       -1500.0        4500.0    

   TOTAL INERTIA ABOUT CENTER OF MASS
        0.42394E+06   0.12851E-15   0.12851E-15
        0.12851E-15   0.21762E+06   0.12718E+06
        0.12851E-15   0.12718E+06   0.21762E+06

   PRINCIPAL INERTIAS =   0.42394E+06   0.34480E+06    90436.    
   ORIENTATION VECTORS OF THE INERTIA PRINCIPAL AXES IN GLOBAL CARTESIAN
     ( 1.000, 0.000, 0.000) ( 0.000, 0.707, 0.707) ( 0.000,-0.707, 0.707) 


  *** MASS SUMMARY BY ELEMENT TYPE ***

  TYPE      MASS
     1  0.565257E-01

 Range of element maximum matrix coefficients in global coordinates
 Maximum = 3.198065254E+12 at element 499.                               
 Minimum = 3.198065254E+12 at element 593.                               

   *** ELEMENT MATRIX FORMULATION TIMES
     TYPE    NUMBER   ENAME      TOTAL CP  AVE CP

        1       600  BEAM188       0.250   0.000417
        2         3  CLOAD201      0.000   0.000000
 Time at end of element matrix formulation CP = 0.25.                    

 SPARSE MATRIX DIRECT SOLVER.
  Number of equations =        7197,    Maximum wavefront =     24
  Memory allocated for solver              =     7.082 MB
  Memory required for in-core solution     =     6.849 MB
  Memory required for out-of-core solution =     5.392 MB

 *** NOTE ***                            CP =       0.375   TIME= 11:45:43
 The Sparse Matrix Solver is currently running in the in-core memory     
 mode.  This memory mode uses the most amount of memory in order to      
 avoid using the hard drive as much as possible, which most often        
 results in the fastest solution time.  This mode is recommended if      
 enough physical memory is present to accommodate all of the solver      
 data.                                                                   
 Sparse solver maximum pivot= 1.399088765E+12 at node 302 ROTY.          
 Sparse solver minimum pivot= 1.668500397E-03 at node 452 UY.            
 Sparse solver minimum pivot in absolute value= 1.668500397E-03 at node  
 452 UY.                                                                 

   *** ELEMENT RESULT CALCULATION TIMES
     TYPE    NUMBER   ENAME      TOTAL CP  AVE CP

        1       600  BEAM188       0.250   0.000417
        2         3  CLOAD201      0.000   0.000000

   *** NODAL LOAD CALCULATION TIMES
     TYPE    NUMBER   ENAME      TOTAL CP  AVE CP

        1       600  BEAM188       0.000   0.000000
        2         3  CLOAD201      0.000   0.000000
 *** LOAD STEP     1   SUBSTEP     1  COMPLETED.    CUM ITER =      1
 *** TIME =   1.00000         TIME INC =   1.00000      NEW TRIANG MATRIX


 *** MAPDL BINARY FILE STATISTICS
  BUFFER SIZE USED= 16384
        0.062 MB WRITTEN ON ELEMENT MATRIX FILE: file.emat
        6.562 MB WRITTEN ON ELEMENT SAVED DATA FILE: file.esav
        0.875 MB WRITTEN ON ASSEMBLED MATRIX FILE: file.full
        1.250 MB WRITTEN ON RESULTS FILE: file.rst
 *************** Write FE CONNECTORS *********

 WRITE OUT CONSTRAINT EQUATIONS TO FILE= file.ce                                                                                                                                                                                                                                                             
 ****************************************************
 *************** FINISHED SOLVE FOR LS 1 *************

 *GET  _WALLASOL  FROM  ACTI  ITEM=TIME WALL  VALUE=  11.7619444    

 PRINTOUT RESUMED BY /GOP

 FINISH SOLUTION PROCESSING


 ***** ROUTINE COMPLETED *****  CP =         0.500



 *** MAPDL - ENGINEERING ANALYSIS SYSTEM  RELEASE 2023 R2          23.2     ***
 Ansys Mechanical Enterprise Academic Student      
 01055371  VERSION=WINDOWS x64   11:45:43  JUL 31, 2023 CP=      0.500

 FrameAnalysis--Static Structural (A5)                                         



          ***** MAPDL RESULTS INTERPRETATION (POST1) *****

 *** NOTE ***                            CP =       0.500   TIME= 11:45:43
 Reading results into the database (SET command) will update the current 
 displacement and force boundary conditions in the database with the     
 values from the results file for that load set.  Note that any          
 subsequent solutions will use these values unless action is taken to    
 either SAVE the current values or not overwrite them (/EXIT,NOSAVE).    

 Set Encoding of XML File to:ISO-8859-1

 Set Output of XML File to:
     PARM,     ,     ,     ,     ,     ,     ,     ,     ,     ,     ,     ,
         ,     ,     ,     ,     ,     ,     ,

 DATABASE WRITTEN ON FILE  parm.xml                                                                                                                                                                                                                                                            

 EXIT THE MAPDL POST1 DATABASE PROCESSOR


 ***** ROUTINE COMPLETED *****  CP =         0.500



 PRINTOUT RESUMED BY /GOP

 *GET  _WALLDONE  FROM  ACTI  ITEM=TIME WALL  VALUE=  11.7619444    

 PARAMETER _PREPTIME =     0.000000000    

 PARAMETER _SOLVTIME =     0.000000000    

 PARAMETER _POSTTIME =     0.000000000    

 PARAMETER _TOTALTIM =     0.000000000    

 *GET  _DLBRATIO  FROM  ACTI  ITEM=SOLU DLBR  VALUE=  0.00000000    

 *GET  _COMBTIME  FROM  ACTI  ITEM=SOLU COMB  VALUE=  0.00000000    

 *GET  _SSMODE   FROM  ACTI  ITEM=SOLU SSMM  VALUE=  2.00000000    

 *GET  _NDOFS    FROM  ACTI  ITEM=SOLU NDOF  VALUE=  7197.00000    
 --- Total number of nodes = 1201
 --- Total number of elements = 603
 --- Element load balance ratio = 0
 --- Time to combine distributed files = 0
 --- Sparse memory mode = 2
 --- Number of DOF = 7197

 EXIT MAPDL WITHOUT SAVING DATABASE


 NUMBER OF WARNING MESSAGES ENCOUNTERED=          2
 NUMBER OF ERROR   MESSAGES ENCOUNTERED=          0

+--------------------- M A P D L   S T A T I S T I C S ------------------------+

Release: 2023 R2            Build: 23.2       Update: UP20230531   Platform: WINDOWS x64 
Date Run: 07/31/2023   Time: 11:45     Process ID: 21736
Operating System: Windows 10  (Build: 19044)

Processor Model: 11th Gen Intel(R) Core(TM) i7-1165G7 @ 2.80GHz

Compiler: Intel(R) Fortran Compiler Version 19.0.5  (Build: 20190815)
          Intel(R) C/C++ Compiler Version 19.0.5  (Build: 20190815)
          Intel(R) Math Kernel Library Version 2020.0.0 Product Build 20191125
          BLAS Library supplied by Intel(R) MKL

Number of machines requested            :    1
Total number of cores available         :    8
Number of physical cores available      :    4
Number of processes requested           :    1
Number of threads per process requested :    4
Total number of cores requested         :    4 (Shared Memory Parallel)                    

GPU Acceleration: Not Requested

Job Name: file
Input File: dummy.dat
Working Directory: C:\Users\vu.le\OneDrive - Bluetech Finland Oy\Tiedostot\GitHub\Fatigue\other document\Frame\_ProjectScratch\ScrBE6F

Total CPU time for main thread                    :        0.3 seconds
Total CPU time summed for all threads             :        0.8 seconds

Elapsed time spent obtaining a license            :        0.4 seconds
Elapsed time spent pre-processing model (/PREP7)  :        0.0 seconds
Elapsed time spent solution - preprocessing       :        0.0 seconds
Elapsed time spent computing solution             :        0.1 seconds
Elapsed time spent solution - postprocessing      :        0.0 seconds
Elapsed time spent post-processing model (/POST1) :        0.0 seconds
 
Equation solver used                              :            Sparse (symmetric)

Sum of disk space used on all processes            :        8.6 MB

Sum of memory used on all processes               :      136.0 MB
Sum of memory allocated on all processes          :     2112.0 MB
Physical memory available                         :         32 GB
Total amount of I/O written to disk               :        0.0 GB
Total amount of I/O read from disk                :        0.0 GB

+------------------ E N D   M A P D L   S T A T I S T I C S -------------------+


 *-----------------------------------------------------------------------------*
 |                                                                             |
 |                               RUN COMPLETED                                 |
 |                                                                             |
 |-----------------------------------------------------------------------------|
 |                                                                             |
 |  Ansys MAPDL 2023 R2         Build 23.2         UP20230531    WINDOWS x64   |
 |                                                                             |
 |-----------------------------------------------------------------------------|
 |                                                                             |
 |  Database Requested(-db)  1024 MB     Scratch Memory Requested      1024 MB |
 |  Maximum Database Used       2 MB     Maximum Scratch Memory Used    134 MB |
 |                                                                             |
 |-----------------------------------------------------------------------------|
 |                                                                             |
 |        CP Time      (sec) =          0.750       Time  =  11:45:43          |
 |        Elapsed Time (sec) =          2.000       Date  =  07/31/2023        |
 |                                                                             |
 *-----------------------------------------------------------------------------*
